This is pdfTeX, Version 3.141592653-2.6-1.40.25 (MiKTeX 23.12) (preloaded format=pdflatex 2025.4.28)  29 APR 2025 00:05
entering extended mode
 restricted \write18 enabled.
 %&-line parsing enabled.
**./g2-interactions.tex
(g2-interactions.tex
LaTeX2e <2024-11-01> patch level 1
L3 programming layer <2024-12-25>
)
! Emergency stop.
<*> ./g2-interactions.tex
                         
*** (job aborted, no legal \end found)

 
Here is how much of TeX's memory you used:
 16 strings out of 475473
 531 string characters out of 5766466
 386444 words of memory out of 5000000
 23094 multiletter control sequences out of 15000+600000
 558837 words of font info for 36 fonts, out of 8000000 for 9000
 0 hyphenation exceptions out of 8191
 12i,0n,13p,53b,8s stack positions out of 10000i,1000n,20000p,200000b,200000s
!  ==> Fatal error occurred, no output PDF file produced!
